<?xml version="1.0" encoding="UTF-8"?>
<testsuite name="음식점에 음식 3개 등록 및 메뉴판 조회" tests="3" skipped="0" failures="0" errors="0" timestamp="2022-04-04T07:37:34" hostname="DESKTOP-EM2UB00" time="0.112">
  <properties/>
  <testcase name="음식 1개 등록" classname="com.task.delivery.FoodIntegrationTest$RegisterRestaurants" time="0.027"/>
  <testcase name="음식 2개 등록" classname="com.task.delivery.FoodIntegrationTest$RegisterRestaurants" time="0.044"/>
  <testcase name="음식점 메뉴판 조회" classname="com.task.delivery.FoodIntegrationTest$RegisterRestaurants" time="0.039"/>
  <system-out><![CDATA[2022-04-04 16:37:34.468  INFO 23888 --- [    Test worker] .b.t.c.SpringBootTestContextBootstrapper : Neither @ContextConfiguration nor @ContextHierarchy found for test class [com.task.delivery.FoodIntegrationTest$RegisterRestaurants], using SpringBootContextLoader
2022-04-04 16:37:34.471  INFO 23888 --- [    Test worker] o.s.t.c.support.AbstractContextLoader    : Could not detect default resource locations for test class [com.task.delivery.FoodIntegrationTest$RegisterRestaurants]: no resource found for suffixes {-context.xml, Context.groovy}.
2022-04-04 16:37:34.471  INFO 23888 --- [    Test worker] t.c.s.AnnotationConfigContextLoaderUtils : Could not detect default configuration classes for test class [com.task.delivery.FoodIntegrationTest$RegisterRestaurants]: RegisterRestaurants does not declare any static, non-private, non-final, nested classes annotated with @Configuration.
2022-04-04 16:37:34.474  INFO 23888 --- [    Test worker] .b.t.c.SpringBootTestContextBootstrapper : Found @SpringBootConfiguration com.task.delivery.DeliveryApplication for test class com.task.delivery.FoodIntegrationTest$RegisterRestaurants
2022-04-04 16:37:34.479  INFO 23888 --- [    Test worker] .b.t.c.SpringBootTestContextBootstrapper : Loaded default TestExecutionListener class names from location [META-INF/spring.factories]: [org.springframework.boot.test.autoconfigure.restdocs.RestDocsTestExecutionListener, org.springframework.boot.test.autoconfigure.web.client.MockRestServiceServerResetTestExecutionListener, org.springframework.boot.test.autoconfigure.web.servlet.MockMvcPrintOnlyOnFailureTestExecutionListener, org.springframework.boot.test.autoconfigure.web.servlet.WebDriverTestExecutionListener, org.springframework.boot.test.autoconfigure.webservices.client.MockWebServiceServerTestExecutionListener, org.springframework.boot.test.mock.mockito.MockitoTestExecutionListener, org.springframework.boot.test.mock.mockito.ResetMocksTestExecutionListener, org.springframework.test.context.web.ServletTestExecutionListener, org.springframework.test.context.support.DirtiesContextBeforeModesTestExecutionListener, org.springframework.test.context.event.ApplicationEventsTestExecutionListener, org.springframework.test.context.support.DependencyInjectionTestExecutionListener, org.springframework.test.context.support.DirtiesContextTestExecutionListener, org.springframework.test.context.transaction.TransactionalTestExecutionListener, org.springframework.test.context.jdbc.SqlScriptsTestExecutionListener, org.springframework.test.context.event.EventPublishingTestExecutionListener]
2022-04-04 16:37:34.479  INFO 23888 --- [    Test worker] .b.t.c.SpringBootTestContextBootstrapper : Using TestExecutionListeners: [org.springframework.test.context.web.ServletTestExecutionListener@49153009, org.springframework.test.context.support.DirtiesContextBeforeModesTestExecutionListener@a1b7549, org.springframework.test.context.event.ApplicationEventsTestExecutionListener@7aa63f50, org.springframework.boot.test.mock.mockito.MockitoTestExecutionListener@142918a0, org.springframework.boot.test.autoconfigure.SpringBootDependencyInjectionTestExecutionListener@745cf754, org.springframework.test.context.support.DirtiesContextTestExecutionListener@25bc65ab, org.springframework.test.context.transaction.TransactionalTestExecutionListener@6eab92f3, org.springframework.test.context.jdbc.SqlScriptsTestExecutionListener@321b7b9e, org.springframework.test.context.event.EventPublishingTestExecutionListener@21eedcde, org.springframework.boot.test.autoconfigure.restdocs.RestDocsTestExecutionListener@67396475, org.springframework.boot.test.autoconfigure.web.client.MockRestServiceServerResetTestExecutionListener@55b74e6b, org.springframework.boot.test.autoconfigure.web.servlet.MockMvcPrintOnlyOnFailureTestExecutionListener@3c1908c8, org.springframework.boot.test.autoconfigure.web.servlet.WebDriverTestExecutionListener@6bc62bb9, org.springframework.boot.test.autoconfigure.webservices.client.MockWebServiceServerTestExecutionListener@47f0e078, org.springframework.boot.test.mock.mockito.ResetMocksTestExecutionListener@28db2afb]
]]></system-out>
  <system-err><![CDATA[]]></system-err>
</testsuite>
